<?xml version="1.0" encoding="UTF-8"?><testrun name="TestRunner" project="AudioServiceInterface" tests="17" started="11" failures="0" errors="5" ignored="2">
  <testsuite name="TestRunner.TestRunner" incomplete="true">
    <testsuite name="Feature: As a user, I want to add inputs by clicking on the input source link on the left panel of the dashboard page" time="13.096" incomplete="true">
      <error>java.lang.IllegalArgumentException: nodeName cannot be null or empty&#13;
	at com.aventstack.extentreports.ExtentTest.createNode(ExtentTest.java:133)&#13;
	at com.aventstack.extentreports.ExtentTest.createNode(ExtentTest.java:195)&#13;
	at com.cucumber.listener.ExtentCucumberFormatter.scenarioOutline(ExtentCucumberFormatter.java:105)&#13;
	at sun.reflect.NativeMethodAccessorImpl.invoke0(Native Method)&#13;
	at sun.reflect.NativeMethodAccessorImpl.invoke(NativeMethodAccessorImpl.java:62)&#13;
	at sun.reflect.DelegatingMethodAccessorImpl.invoke(DelegatingMethodAccessorImpl.java:43)&#13;
	at java.lang.reflect.Method.invoke(Method.java:498)&#13;
	at cucumber.runtime.Utils$1.call(Utils.java:40)&#13;
	at cucumber.runtime.Timeout.timeout(Timeout.java:16)&#13;
	at cucumber.runtime.Utils.invoke(Utils.java:34)&#13;
	at cucumber.runtime.RuntimeOptions$1.invoke(RuntimeOptions.java:294)&#13;
	at com.sun.proxy.$Proxy15.scenarioOutline(Unknown Source)&#13;
	at cucumber.runtime.junit.JUnitReporter.scenarioOutline(JUnitReporter.java:199)&#13;
	at gherkin.formatter.model.ScenarioOutline.replay(ScenarioOutline.java:18)&#13;
	at cucumber.runtime.model.StepContainer.format(StepContainer.java:31)&#13;
	at cucumber.runtime.model.CucumberScenarioOutline.formatOutlineScenario(CucumberScenarioOutline.java:52)&#13;
	at cucumber.runtime.junit.ScenarioOutlineRunner.run(ScenarioOutlineRunner.java:52)&#13;
	at cucumber.runtime.junit.FeatureRunner.runChild(FeatureRunner.java:63)&#13;
	at cucumber.runtime.junit.FeatureRunner.runChild(FeatureRunner.java:18)&#13;
	at org.junit.runners.ParentRunner$3.run(ParentRunner.java:290)&#13;
	at org.junit.runners.ParentRunner$1.schedule(ParentRunner.java:71)&#13;
	at org.junit.runners.ParentRunner.runChildren(ParentRunner.java:288)&#13;
	at org.junit.runners.ParentRunner.access$000(ParentRunner.java:58)&#13;
	at org.junit.runners.ParentRunner$2.evaluate(ParentRunner.java:268)&#13;
	at org.junit.runners.ParentRunner.run(ParentRunner.java:363)&#13;
	at cucumber.runtime.junit.FeatureRunner.run(FeatureRunner.java:70)&#13;
	at cucumber.api.junit.Cucumber.runChild(Cucumber.java:95)&#13;
	at cucumber.api.junit.Cucumber.runChild(Cucumber.java:38)&#13;
	at org.junit.runners.ParentRunner$3.run(ParentRunner.java:290)&#13;
	at org.junit.runners.ParentRunner$1.schedule(ParentRunner.java:71)&#13;
	at org.junit.runners.ParentRunner.runChildren(ParentRunner.java:288)&#13;
	at org.junit.runners.ParentRunner.access$000(ParentRunner.java:58)&#13;
	at org.junit.runners.ParentRunner$2.evaluate(ParentRunner.java:268)&#13;
	at org.junit.internal.runners.statements.RunAfters.evaluate(RunAfters.java:27)&#13;
	at org.junit.runners.ParentRunner.run(ParentRunner.java:363)&#13;
	at cucumber.api.junit.Cucumber.run(Cucumber.java:100)&#13;
	at org.eclipse.jdt.internal.junit4.runner.JUnit4TestReference.run(JUnit4TestReference.java:86)&#13;
	at org.eclipse.jdt.internal.junit.runner.TestExecution.run(TestExecution.java:38)&#13;
	at org.eclipse.jdt.internal.junit.runner.RemoteTestRunner.runTests(RemoteTestRunner.java:538)&#13;
	at org.eclipse.jdt.internal.junit.runner.RemoteTestRunner.runTests(RemoteTestRunner.java:760)&#13;
	at org.eclipse.jdt.internal.junit.runner.RemoteTestRunner.run(RemoteTestRunner.java:460)&#13;
	at org.eclipse.jdt.internal.junit.runner.RemoteTestRunner.main(RemoteTestRunner.java:206)&#13;
&#13;
</error>
      <testsuite name="Scenario: Successfully adding inputs" time="0.001" incomplete="true">
        <error>java.lang.NullPointerException&#13;
	at org.openqa.selenium.support.ui.ExpectedConditions.elementIfVisible(ExpectedConditions.java:314)&#13;
	at org.openqa.selenium.support.ui.ExpectedConditions.access$000(ExpectedConditions.java:43)&#13;
	at org.openqa.selenium.support.ui.ExpectedConditions$10.apply(ExpectedConditions.java:300)&#13;
	at org.openqa.selenium.support.ui.ExpectedConditions$10.apply(ExpectedConditions.java:297)&#13;
	at org.openqa.selenium.support.ui.FluentWait.until(FluentWait.java:249)&#13;
	at Utilities.BaseClass.WaitUntilElementVisible(BaseClass.java:24)&#13;
	at PageObjects.InputsStepsPage.addInput(InputsStepsPage.java:41)&#13;
	at StepDefinitions.InputsSteps.i_click_on_the_input_link_on_the_left_panel(InputsSteps.java:40)&#13;
	at ✽.When I click on the input link on the left panel(Inputs.feature:6)&#13;
&#13;
</error>
        <testcase name="Given I am on the dashbaord page" classname="Scenario: Successfully adding inputs" time="0.001"/>
        <testcase name="When I click on the input link on the left panel" classname="Scenario: Successfully adding inputs" time="0.0">
          <error>java.lang.NullPointerException&#13;
	at org.openqa.selenium.support.ui.ExpectedConditions.elementIfVisible(ExpectedConditions.java:314)&#13;
	at org.openqa.selenium.support.ui.ExpectedConditions.access$000(ExpectedConditions.java:43)&#13;
	at org.openqa.selenium.support.ui.ExpectedConditions$10.apply(ExpectedConditions.java:300)&#13;
	at org.openqa.selenium.support.ui.ExpectedConditions$10.apply(ExpectedConditions.java:297)&#13;
	at org.openqa.selenium.support.ui.FluentWait.until(FluentWait.java:249)&#13;
	at Utilities.BaseClass.WaitUntilElementVisible(BaseClass.java:24)&#13;
	at PageObjects.InputsStepsPage.addInput(InputsStepsPage.java:41)&#13;
	at StepDefinitions.InputsSteps.i_click_on_the_input_link_on_the_left_panel(InputsSteps.java:40)&#13;
	at ✽.When I click on the input link on the left panel(Inputs.feature:6)&#13;
&#13;
</error>
        </testcase>
        <testcase name="Then I should be seeing the sources link on the main panel to add inputs" classname="Scenario: Successfully adding inputs" time="1.092" ignored="true"/>
      </testsuite>
      <testsuite name="Scenario:" time="0.003" incomplete="true">
        <error>java.lang.NullPointerException&#13;
	at org.openqa.selenium.support.ui.ExpectedConditions.elementIfVisible(ExpectedConditions.java:314)&#13;
	at org.openqa.selenium.support.ui.ExpectedConditions.access$000(ExpectedConditions.java:43)&#13;
	at org.openqa.selenium.support.ui.ExpectedConditions$10.apply(ExpectedConditions.java:300)&#13;
	at org.openqa.selenium.support.ui.ExpectedConditions$10.apply(ExpectedConditions.java:297)&#13;
	at org.openqa.selenium.support.ui.FluentWait.until(FluentWait.java:249)&#13;
	at Utilities.BaseClass.WaitUntilElementVisible(BaseClass.java:24)&#13;
	at PageObjects.InputsStepsPage.addInput(InputsStepsPage.java:41)&#13;
	at StepDefinitions.InputsSteps.i_click_on_new_source_tab(InputsSteps.java:64)&#13;
	at ✽.When I click on new source tab(Inputs.feature:12)&#13;
&#13;
</error>
        <testcase name="Given I click on the main panel of the dashboard page" classname="Scenario: " time="0.003"/>
        <testcase name="When I click on new source tab" classname="Scenario: " time="0.0">
          <error>java.lang.NullPointerException&#13;
	at org.openqa.selenium.support.ui.ExpectedConditions.elementIfVisible(ExpectedConditions.java:314)&#13;
	at org.openqa.selenium.support.ui.ExpectedConditions.access$000(ExpectedConditions.java:43)&#13;
	at org.openqa.selenium.support.ui.ExpectedConditions$10.apply(ExpectedConditions.java:300)&#13;
	at org.openqa.selenium.support.ui.ExpectedConditions$10.apply(ExpectedConditions.java:297)&#13;
	at org.openqa.selenium.support.ui.FluentWait.until(FluentWait.java:249)&#13;
	at Utilities.BaseClass.WaitUntilElementVisible(BaseClass.java:24)&#13;
	at PageObjects.InputsStepsPage.addInput(InputsStepsPage.java:41)&#13;
	at StepDefinitions.InputsSteps.i_click_on_new_source_tab(InputsSteps.java:64)&#13;
	at ✽.When I click on new source tab(Inputs.feature:12)&#13;
&#13;
</error>
        </testcase>
        <testcase name="Then the dropdowm menu should be displayed" classname="Scenario: " time="1.245" ignored="true"/>
      </testsuite>
      <testsuite name="Scenario Outline:" incomplete="true">
        <testsuite name="Examples:" incomplete="true">
          <testsuite name="| AAA | Web Stream | http://dabstream.celador.co.uk/sam-hants-ssdab |" incomplete="true">
            <testcase name="Given I click on the add new source tab on the main panel" classname="| AAA | Web Stream | http://dabstream.celador.co.uk/sam-hants-ssdab |" incomplete="true"/>
            <testcase name="When the dialog box opens" classname="| AAA | Web Stream | http://dabstream.celador.co.uk/sam-hants-ssdab |" incomplete="true"/>
            <testcase name="Then I add a user friendly name AAA" classname="| AAA | Web Stream | http://dabstream.celador.co.uk/sam-hants-ssdab |" incomplete="true"/>
            <testcase name="And I choose source type from the dropdown menu &lt;SourceType&gt;" classname="| AAA | Web Stream | http://dabstream.celador.co.uk/sam-hants-ssdab |" incomplete="true"/>
            <testcase name="And I add the url http://dabstream.celador.co.uk/sam-hants-ssdab" classname="| AAA | Web Stream | http://dabstream.celador.co.uk/sam-hants-ssdab |" incomplete="true"/>
            <testcase name="And I click on save button" classname="| AAA | Web Stream | http://dabstream.celador.co.uk/sam-hants-ssdab |" incomplete="true"/>
          </testsuite>
        </testsuite>
      </testsuite>
    </testsuite>
    <testsuite name="Feature: As a user, I want to log into ASI software" time="4.813">
      <testsuite name="Scenario Outline: Successful login using valid account" time="4.813">
        <testsuite name="Examples:" time="4.813">
          <testsuite name="| admin | admin |" time="4.813">
            <testcase name="Given I am on the login page" classname="| admin | admin |" time="0.81"/>
            <testcase name="When I type in username admin" classname="| admin | admin |" time="0.517"/>
            <testcase name="And I type password as admin" classname="| admin | admin |" time="0.876"/>
            <testcase name="And click on login button" classname="| admin | admin |" time="1.024"/>
            <testcase name="Then I successfully login and land on homepage displaying Dashboard page" classname="| admin | admin |" time="1.585"/>
          </testsuite>
        </testsuite>
      </testsuite>
    </testsuite>
  </testsuite>
</testrun>
